<?xml version="1.0" encoding="UTF-8"?>
<testng-results skipped="0" failed="0" total="1" passed="1">
  <reporter-output>
  </reporter-output>
  <suite name="Default suite" duration-ms="26788" started-at="2018-06-14T06:05:36Z" finished-at="2018-06-14T06:06:03Z">
    <groups>
    </groups>
    <test name="Default test" duration-ms="26788" started-at="2018-06-14T06:05:36Z" finished-at="2018-06-14T06:06:03Z">
      <class name="com.Login_Portal.login">
        <test-method status="PASS" signature="setupSuite()[pri:0, instance:com.Login_Portal.login@a7e666]" name="setupSuite" is-config="true" duration-ms="2786" started-at="2018-06-14T11:35:36Z" finished-at="2018-06-14T11:35:39Z">
          <reporter-output>
          </reporter-output>
        </test-method> <!-- setupSuite -->
        <test-method status="PASS" signature="testMethod()[pri:1, instance:com.Login_Portal.login@a7e666]" name="testMethod" duration-ms="23774" started-at="2018-06-14T11:35:39Z" finished-at="2018-06-14T11:36:03Z">
          <reporter-output>
          </reporter-output>
        </test-method> <!-- testMethod -->
        <test-method status="PASS" signature="tearDown()[pri:0, instance:com.Login_Portal.login@a7e666]" name="tearDown" is-config="true" duration-ms="222" started-at="2018-06-14T11:36:03Z" finished-at="2018-06-14T11:36:03Z">
          <reporter-output>
          </reporter-output>
        </test-method> <!-- tearDown -->
      </class> <!-- com.Login_Portal.login -->
    </test> <!-- Default test -->
  </suite> <!-- Default suite -->
</testng-results>
