<?xml version="1.0" encoding="UTF-8"?>
<!-- Generated by org.testng.reporters.JUnitXMLReporter -->
<testsuite hostname="PN-HYDTECH-041" name="Default test(failed)" tests="1" failures="1" timestamp="26 Mar 2018 10:23:30 GMT" time="0.06" errors="0">
  <testcase name="LeadsValidation" time="0.048" classname="com.payswiff.tests.Leads_Validation">
    <failure type="java.lang.NullPointerException">
      <![CDATA[java.lang.NullPointerException
	at com.payswiff.util.DriverUtilsImpl.takescreenshot(DriverUtilsImpl.java:1543)
	at com.payswiff.tests.Leads_Validation.LeadsValidation(Leads_Validation.java:24)
... Removed 24 stack frames]]>
    </failure>
  </testcase> <!-- LeadsValidation -->
</testsuite> <!-- Default test(failed) -->
