<?xml version="1.0" encoding="UTF-8"?>
<!-- Generated by org.testng.reporters.JUnitXMLReporter -->
<testsuite hostname="PN-HYDTECH-041" name="sampleClass" tests="5" failures="0" timestamp="1 Jun 2018 10:44:54 GMT" time="122.519" errors="0">
  <testcase name="testMethod" time="22.754" classname="com.Paynear.Portal.Portal_login"/>
  <testcase name="MyAccount_UI" time="25.938" classname="com.Portal_validation.Portal_MyAccount_Validation"/>
  <testcase name="MerchantPage_Validation" time="16.629" classname="KalScripts.Merchant_Validation"/>
  <testcase name="Reports" time="19.057" classname="KalScripts.Portal_Payment_Validation"/>
  <testcase name="Reports" time="21.87" classname="KalScripts.portal_Device_Validation"/>
</testsuite> <!-- sampleClass -->
